<?xml version="1.0" encoding="UTF-8"?>
<!-- Generated by org.testng.reporters.JUnitReportReporter -->
<testsuite hostname="ws-117e8292-037a-4fdf-9952-d536d2c971b8" failures="0" tests="1" name="com.lambdatest.Tests.SingleTest" time="8.688" errors="0" timestamp="6 Sep 2021 23:22:58 GMT">
  <testcase classname="com.lambdatest.Tests.SingleTest" name="test" time="8.688"/>
</testsuite> <!-- com.lambdatest.Tests.SingleTest -->
