<?xml version="1.0" encoding="UTF-8"?>
<!-- Generated by org.testng.reporters.JUnitReportReporter -->
<testsuite hostname="ws-117e8292-037a-4fdf-9952-d536d2c971b8" failures="0" tests="8" name="com.lambdatest.Tests.ParallelTest" time="78.350" errors="0" timestamp="7 Sep 2021 00:03:35 GMT">
  <testcase classname="com.lambdatest.Tests.ParallelTest" name="test02" time="5.544"/>
  <testcase classname="com.lambdatest.Tests.ParallelTest" name="test01" time="13.371"/>
  <testcase classname="com.lambdatest.Tests.ParallelTest" name="test01" time="11.386"/>
  <testcase classname="com.lambdatest.Tests.ParallelTest" name="test01" time="19.047"/>
  <testcase classname="com.lambdatest.Tests.ParallelTest" name="test02" time="3.838"/>
  <testcase classname="com.lambdatest.Tests.ParallelTest" name="test01" time="6.073"/>
  <testcase classname="com.lambdatest.Tests.ParallelTest" name="test02" time="8.944"/>
  <testcase classname="com.lambdatest.Tests.ParallelTest" name="test02" time="10.147"/>
</testsuite> <!-- com.lambdatest.Tests.ParallelTest -->
